<?xml version="1.0" encoding="UTF-8"?>
<!-- Generated by org.testng.reporters.JUnitReportReporter -->
<testsuite hostname="LAPTOP-0VDS8URQ" failures="0" tests="1" name="tests.Rediff_LoginTest" time="6.386" errors="0" timestamp="20 Nov 2021 14:12:12 GMT">
  <testcase classname="tests.Rediff_LoginTest" name="rediffmethod1" time="6.386"/>
</testsuite> <!-- tests.Rediff_LoginTest -->
