<?xml version="1.0" encoding="UTF-8"?>
<!-- Generated by org.testng.reporters.JUnitReportReporter -->
<testsuite hostname="LAPTOP-0VDS8URQ" failures="0" tests="2" name="tests.signInShoppingTest" time="19.701" errors="0" timestamp="11 Jun 2021 16:13:23 GMT">
  <testcase classname="tests.signInShoppingTest" name="rediffShopping_Method" time="16.157"/>
  <testcase classname="tests.signInShoppingTest" name="loginRediff_Method" time="3.544"/>
</testsuite> <!-- tests.signInShoppingTest -->
