<?xml version="1.0" encoding="UTF-8"?>
<!-- Generated by org.testng.reporters.JUnitReportReporter -->
<testsuite hostname="LAPTOP-0VDS8URQ" failures="0" tests="2" name="tests.Rediff_createNewAccountTest" time="12.114" errors="0" timestamp="27 Mar 2022 06:23:31 GMT">
  <testcase classname="tests.Rediff_createNewAccountTest" name="rediffmethod2" time="9.322"/>
  <testcase classname="tests.Rediff_createNewAccountTest" name="rediffmethod1" time="2.792"/>
</testsuite> <!-- tests.Rediff_createNewAccountTest -->
