<?xml version="1.0" encoding="UTF-8"?>
<!-- Generated by org.testng.reporters.JUnitReportReporter -->
<testsuite hostname="LAPTOP-0VDS8URQ" failures="0" tests="2" name="tests.Rediff_StockMarketTest" time="22.464" errors="0" timestamp="27 Mar 2022 06:23:31 GMT">
  <testcase classname="tests.Rediff_StockMarketTest" name="stockMarket_method" time="17.869"/>
  <testcase classname="tests.Rediff_StockMarketTest" name="loginRediff_Method" time="4.595"/>
</testsuite> <!-- tests.Rediff_StockMarketTest -->
