<?xml version="1.0" encoding="UTF-8"?>
<!-- Generated by org.testng.reporters.JUnitReportReporter -->
<testsuite hostname="LAPTOP-0VDS8URQ" failures="0" tests="2" name="tests.stockMarketTest" time="18.951" errors="0" timestamp="11 Jun 2021 16:13:23 GMT">
  <testcase classname="tests.stockMarketTest" name="loginRediff_Method" time="3.722"/>
  <testcase classname="tests.stockMarketTest" name="stockMarket_method" time="15.229"/>
</testsuite> <!-- tests.stockMarketTest -->
