<?xml version="1.0" encoding="UTF-8"?>
<!-- Generated by org.testng.reporters.JUnitReportReporter -->
<testsuite hostname="LAPTOP-0VDS8URQ" failures="0" tests="3" name="tests.Rediff_ShoppingTest" time="58.949" errors="0" timestamp="27 Mar 2022 06:23:31 GMT">
  <testcase classname="tests.Rediff_ShoppingTest" name="Rediff_loginPageValidation" time="43.560"/>
  <testcase classname="tests.Rediff_ShoppingTest" name="rediffShoppingPage_Method" time="14.012"/>
  <testcase classname="tests.Rediff_ShoppingTest" name="rediffShoppingPage_validations" time="1.377"/>
</testsuite> <!-- tests.Rediff_ShoppingTest -->
