<?xml version="1.0" encoding="UTF-8"?>
<!-- Generated by org.testng.reporters.JUnitReportReporter -->
<testsuite hostname="LAPTOP-0VDS8URQ" failures="0" tests="1" name="tests.loginRediffTest" time="21.867" errors="0" timestamp="10 Jun 2021 15:09:04 GMT">
  <testcase classname="tests.loginRediffTest" name="rediffmethod1" time="21.867"/>
</testsuite> <!-- tests.loginRediffTest -->
